app/build/intermediates/manifest_merge_blame_file/debug/manifest-merger-blame-debug-report.txt
1<?xml version="1.0" encoding="utf-8"?>
2<manifest xmlns:android="http://schemas.android.com/apk/res/android"
3    package="com.example.videotrimmer_litr"
4    android:versionCode="1"
5    android:versionName="1.0" >
6
7    <uses-sdk
8        android:minSdkVersion="19"
8-->src/main/AndroidManifest.xml
9        android:targetSdkVersion="30" />
9-->src/main/AndroidManifest.xml
10
11    <uses-permission android:name="android.permission.READ_EXTERNAL_STORAGE" />
11-->src/main/AndroidManifest.xml:6:5-80
11-->src/main/AndroidManifest.xml:6:22-77
12    <uses-permission android:name="android.permission.WRITE_EXTERNAL_STORAGE" />
12-->src/main/AndroidManifest.xml:7:5-81
12-->src/main/AndroidManifest.xml:7:22-78
13    <uses-permission android:name="android.permission.CAMERA" />
13-->src/main/AndroidManifest.xml:8:5-65
13-->src/main/AndroidManifest.xml:8:22-62
14    <uses-permission android:name="android.permission.ACCESS_MEDIA_LOCATION" />
14-->[:library] AndroidManifest.xml:13:5-80
14-->[:library] AndroidManifest.xml:13:22-77
15    <uses-permission android:name="android.permission.ACCESS_NETWORK_STATE" />
15-->[com.google.android.exoplayer:exoplayer-core:2.12.1] AndroidManifest.xml:24:5-79
15-->[com.google.android.exoplayer:exoplayer-core:2.12.1] AndroidManifest.xml:24:22-76
16
17    <application
17-->src/main/AndroidManifest.xml:10:5-35:19
18        android:name="androidx.multidex.MultiDexApplication"
19        android:allowBackup="true"
19-->src/main/AndroidManifest.xml:11:9-35
20        android:appComponentFactory="androidx.core.app.CoreComponentFactory"
20-->[androidx.core:core:1.3.1] AndroidManifest.xml:24:18-86
21        android:debuggable="true"
22        android:icon="@mipmap/ic_launcher"
22-->src/main/AndroidManifest.xml:12:9-43
23        android:label="@string/app_name"
23-->src/main/AndroidManifest.xml:13:9-41
24        android:requestLegacyExternalStorage="true"
24-->src/main/AndroidManifest.xml:16:9-52
25        android:roundIcon="@mipmap/ic_launcher_round"
25-->src/main/AndroidManifest.xml:14:9-54
26        android:supportsRtl="true"
26-->src/main/AndroidManifest.xml:15:9-35
27        android:testOnly="true"
28        android:theme="@style/AppTheme" >
28-->src/main/AndroidManifest.xml:17:9-40
29        <activity android:name="com.gowtham.videotrimmer_litr.MainActivity" >
29-->src/main/AndroidManifest.xml:18:9-24:20
29-->src/main/AndroidManifest.xml:18:19-76
30            <intent-filter>
30-->src/main/AndroidManifest.xml:19:13-23:29
31                <action android:name="android.intent.action.MAIN" />
31-->src/main/AndroidManifest.xml:20:17-69
31-->src/main/AndroidManifest.xml:20:25-66
32
33                <category android:name="android.intent.category.LAUNCHER" />
33-->src/main/AndroidManifest.xml:22:17-77
33-->src/main/AndroidManifest.xml:22:27-74
34            </intent-filter>
35        </activity>
36
37        <provider
38            android:name="androidx.core.content.FileProvider"
38-->src/main/AndroidManifest.xml:27:13-62
39            android:authorities="com.example.videotrimmer_litr.fileprovider"
39-->src/main/AndroidManifest.xml:28:13-64
40            android:exported="false"
40-->src/main/AndroidManifest.xml:29:13-37
41            android:grantUriPermissions="true" >
41-->src/main/AndroidManifest.xml:30:13-47
42            <meta-data
42-->src/main/AndroidManifest.xml:31:13-33:57
43                android:name="android.support.FILE_PROVIDER_PATHS"
43-->src/main/AndroidManifest.xml:32:17-67
44                android:resource="@xml/provider_path" />
44-->src/main/AndroidManifest.xml:33:17-54
45        </provider>
46
47        <activity
47-->[:library] AndroidManifest.xml:16:9-20:56
48            android:name="com.gowtham.library.ui.ActVideoTrimmer"
48-->[:library] AndroidManifest.xml:17:13-66
49            android:launchMode="singleTask"
49-->[:library] AndroidManifest.xml:18:13-44
50            android:screenOrientation="portrait"
50-->[:library] AndroidManifest.xml:19:13-49
51            android:theme="@style/VideoTrimmerTheme" />
51-->[:library] AndroidManifest.xml:20:13-53
52    </application>
53
54</manifest>